[  0%] Built target nav_msgs_generate_messages_eus
[  0%] Built target std_msgs_generate_messages_eus
[  0%] Built target geometry_msgs_generate_messages_eus
[  0%] Built target _mav_msgs_generate_messages_check_deps_Status
[  0%] Built target _mav_msgs_generate_messages_check_deps_TorqueThrust
[  0%] Built target _mav_msgs_generate_messages_check_deps_FilteredSensorData
[  0%] Built target _mav_msgs_generate_messages_check_deps_RateThrust
[  0%] Built target _mav_msgs_generate_messages_check_deps_AttitudeThrust
[  0%] Built target _mav_msgs_generate_messages_check_deps_Actuators
[  0%] Built target _mav_msgs_generate_messages_check_deps_GpsWaypoint
[  0%] Built target std_msgs_generate_messages_py
[  0%] Built target nav_msgs_generate_messages_py
[  0%] Built target geometry_msgs_generate_messages_py
[  0%] Built target geometry_msgs_generate_messages_nodejs
[  0%] Built target nav_msgs_generate_messages_nodejs
[  0%] Built target std_msgs_generate_messages_nodejs
[  0%] Built target nav_msgs_generate_messages_cpp
[  0%] Built target geometry_msgs_generate_messages_cpp
[  0%] Built target std_msgs_generate_messages_cpp
[  0%] Built target nav_msgs_generate_messages_lisp
[  0%] Built target _mav_msgs_generate_messages_check_deps_RollPitchYawrateThrust
[  0%] Built target std_msgs_generate_messages_lisp
[  0%] Built target geometry_msgs_generate_messages_lisp
[  2%] [34m[1mGenerating C++ code from mav_msgs/RollPitchYawrateThrust.msg[0m
[  4%] [34m[1mGenerating Lisp code from mav_msgs/RollPitchYawrateThrust.msg[0m
[  7%] [34m[1mGenerating Javascript code from mav_msgs/RollPitchYawrateThrust.msg[0m
[  9%] [34m[1mGenerating Python from MSG mav_msgs/RollPitchYawrateThrust[0m
[ 11%] [34m[1mGenerating EusLisp code from mav_msgs/RollPitchYawrateThrust.msg[0m
[ 45%] Built target mav_msgs_generate_messages_lisp
[ 45%] Built target mav_msgs_generate_messages_nodejs
[ 64%] Built target mav_msgs_generate_messages_eus
[ 80%] Built target mav_msgs_generate_messages_cpp
[ 83%] [34m[1mGenerating Python msg __init__.py for mav_msgs[0m
[100%] Built target mav_msgs_generate_messages_py
[100%] Built target mav_msgs_generate_messages
