[  0%] Built target bond_generate_messages_nodejs
[  0%] Built target roscpp_generate_messages_nodejs
[  0%] Built target std_srvs_generate_messages_nodejs
[  0%] Built target nodelet_generate_messages_py
[  0%] Built target bond_generate_messages_py
[  0%] Built target gazebo_msgs_generate_messages_lisp
[  0%] Built target nodelet_generate_messages_nodejs
[  0%] Built target bond_generate_messages_cpp
[  0%] Built target rosgraph_msgs_generate_messages_cpp
[  0%] Built target roscpp_generate_messages_eus
[  0%] Built target trajectory_msgs_generate_messages_py
[  0%] Built target roscpp_generate_messages_cpp
[  0%] Built target rosgraph_msgs_generate_messages_eus
[  0%] Built target rosgraph_msgs_generate_messages_nodejs
[  0%] Built target bond_generate_messages_eus
[  0%] Built target std_srvs_generate_messages_eus
[  0%] Built target actionlib_msgs_generate_messages_nodejs
[  0%] Built target tf_generate_messages_py
[  0%] Built target actionlib_msgs_generate_messages_lisp
[  0%] Built target rosgraph_msgs_generate_messages_lisp
[  0%] Built target dynamic_reconfigure_generate_messages_nodejs
[  0%] Built target tf2_msgs_generate_messages_py
[  0%] Built target geometry_msgs_generate_messages_lisp
[  0%] Built target geometry_msgs_generate_messages_nodejs
[  0%] Built target sensor_msgs_generate_messages_nodejs
[  0%] Built target dynamic_reconfigure_generate_messages_eus
[  0%] Built target roscpp_generate_messages_py
[  0%] Built target gazebo_msgs_generate_messages_eus
[  0%] Built target mav_msgs_generate_messages_cpp
[  0%] Built target mav_msgs_generate_messages_eus
[  0%] Built target trajectory_msgs_generate_messages_eus
[  0%] Built target std_srvs_generate_messages_cpp
[  0%] Built target trajectory_msgs_generate_messages_cpp
[  0%] Built target gazebo_plugins_gencfg
[  0%] Built target nav_msgs_generate_messages_cpp
[  0%] Built target gazebo_msgs_generate_messages_cpp
[  0%] Built target actionlib_generate_messages_lisp
[  0%] Built target nodelet_generate_messages_lisp
[  0%] Built target roscpp_generate_messages_lisp
[  0%] Built target std_msgs_generate_messages_eus
[  0%] Built target gazebo_msgs_generate_messages_py
[  0%] Built target std_msgs_generate_messages_py
[  0%] Built target std_srvs_generate_messages_lisp
[  0%] Built target std_msgs_generate_messages_cpp
[  0%] Built target rotors_comm_generate_messages_cpp
[  0%] Built target std_msgs_generate_messages_nodejs
[  0%] Built target sensor_msgs_generate_messages_cpp
[  0%] Built target nav_msgs_generate_messages_nodejs
[  0%] Built target nodelet_generate_messages_eus
[  0%] Built target gazebo_msgs_generate_messages_nodejs
[  0%] Built target geometry_msgs_generate_messages_eus
[  0%] Built target rotors_comm_generate_messages_lisp
[  0%] Built target geometry_msgs_generate_messages_cpp
[  0%] Built target trajectory_msgs_generate_messages_lisp
[  0%] Built target sensor_msgs_generate_messages_py
[  0%] Built target trajectory_msgs_generate_messages_nodejs
[  0%] Built target bond_generate_messages_lisp
[  0%] Built target geometry_msgs_generate_messages_py
[  0%] Built target nav_msgs_generate_messages_py
[  0%] Built target tf_generate_messages_eus
[  0%] Built target tf_generate_messages_lisp
[  0%] Built target visualization_msgs_generate_messages_cpp
[  0%] Built target sensor_msgs_generate_messages_eus
[  0%] Built target tf2_msgs_generate_messages_eus
[  0%] Built target actionlib_msgs_generate_messages_eus
[  0%] Built target actionlib_msgs_generate_messages_cpp
[  0%] Built target _catkin_empty_exported_target
[  0%] Built target mav_msgs_generate_messages_nodejs
[  0%] Built target actionlib_msgs_generate_messages_py
[  0%] Built target topic_tools_generate_messages_py
[  0%] Built target nav_msgs_generate_messages_eus
[  0%] Built target tf_generate_messages_cpp
[  0%] Built target actionlib_generate_messages_cpp
[  0%] Built target std_srvs_generate_messages_py
[  0%] Built target actionlib_generate_messages_nodejs
[  0%] Built target nav_msgs_generate_messages_lisp
[  0%] Built target actionlib_generate_messages_py
[  0%] Built target tf2_msgs_generate_messages_cpp
[  0%] Built target dynamic_reconfigure_generate_messages_lisp
[  0%] Built target tf_generate_messages_nodejs
[  0%] Built target tf2_msgs_generate_messages_lisp
[  0%] Built target octomap_msgs_generate_messages_py
[  0%] Built target visualization_msgs_generate_messages_nodejs
[  0%] Built target dynamic_reconfigure_generate_messages_cpp
[  0%] Built target dynamic_reconfigure_gencfg
[  0%] Built target visualization_msgs_generate_messages_py
[  0%] Built target visualization_msgs_generate_messages_lisp
[  0%] Built target topic_tools_generate_messages_cpp
[  0%] Built target std_msgs_generate_messages_lisp
[  0%] Built target mav_msgs_generate_messages_py
[  0%] Built target mav_msgs_generate_messages_lisp
[  0%] Built target rosgraph_msgs_generate_messages_py
[  0%] Built target visualization_msgs_generate_messages_eus
[  0%] Built target octomap_msgs_generate_messages_lisp
[  0%] Built target octomap_msgs_generate_messages_eus
[  0%] Built target octomap_msgs_generate_messages_cpp
[  0%] Built target topic_tools_generate_messages_eus
[  0%] Built target octomap_msgs_generate_messages_nodejs
[  0%] Built target rotors_comm_generate_messages_nodejs
[  0%] Built target actionlib_generate_messages_eus
[  0%] Built target topic_tools_generate_messages_nodejs
[  0%] Built target rotors_comm_generate_messages_eus
[  0%] Built target tf2_msgs_generate_messages_nodejs
[  0%] Built target sensor_msgs_generate_messages_lisp
[  0%] Built target topic_tools_generate_messages_lisp
[  0%] Built target nodelet_generate_messages_cpp
[  0%] Built target rotors_comm_generate_messages_py
[  0%] Built target dynamic_reconfigure_generate_messages_py
[ 65%] Built target mav_msgs
[35m[1mScanning dependencies of target rotors_gazebo_ros_interface_plugin[0m
[ 66%] [32m[1mLinking CXX shared library /home/pranav/catkin_ws/devel/.private/rotors_gazebo_plugins/lib/libLiftDragPlugin.so[0m
[ 67%] [32m[1mLinking CXX shared library /home/pranav/catkin_ws/devel/.private/rotors_gazebo_plugins/lib/librotors_gazebo_motor_model.so[0m
[ 70%] [32m[1mLinking CXX shared library /home/pranav/catkin_ws/devel/.private/rotors_gazebo_plugins/lib/librotors_gazebo_pressure_plugin.so[0m
[ 70%] [32m[1mLinking CXX shared library /home/pranav/catkin_ws/devel/.private/rotors_gazebo_plugins/lib/librotors_gazebo_multirotor_base_plugin.so[0m
[ 71%] [32m[1mLinking CXX shared library /home/pranav/catkin_ws/devel/.private/rotors_gazebo_plugins/lib/librotors_gazebo_bag_plugin.so[0m
[ 71%] [32m[1mLinking CXX shared library /home/pranav/catkin_ws/devel/.private/rotors_gazebo_plugins/lib/librotors_gazebo_wind_plugin.so[0m
[ 73%] [32m[1mLinking CXX shared library /home/pranav/catkin_ws/devel/.private/rotors_gazebo_plugins/lib/librotors_gazebo_fw_dynamics_plugin.so[0m
[ 73%] [32m[1mLinking CXX shared library /home/pranav/catkin_ws/devel/.private/rotors_gazebo_plugins/lib/librotors_gazebo_odometry_plugin.so[0m
[ 76%] [32m[1mLinking CXX shared library /home/pranav/catkin_ws/devel/.private/rotors_gazebo_plugins/lib/librotors_gazebo_gps_plugin.so[0m
[ 76%] [32m[1mLinking CXX shared library /home/pranav/catkin_ws/devel/.private/rotors_gazebo_plugins/lib/librotors_gazebo_imu_plugin.so[0m
[ 77%] [32m[1mLinking CXX shared library /home/pranav/catkin_ws/devel/.private/rotors_gazebo_plugins/lib/librotors_gazebo_magnetometer_plugin.so[0m
[ 80%] [32m[1mLinking CXX shared library /home/pranav/catkin_ws/devel/.private/rotors_gazebo_plugins/lib/librotors_gazebo_controller_interface.so[0m
[ 80%] [32m[1mLinking CXX shared library /home/pranav/catkin_ws/devel/.private/rotors_gazebo_plugins/lib/librotors_gazebo_noisydepth_plugin.so[0m
[ 80%] [32m[1mLinking CXX shared library /home/pranav/catkin_ws/devel/.private/rotors_gazebo_plugins/lib/librotors_gazebo_lidar_plugin.so[0m
[ 81%] [32m[1mLinking CXX shared library /home/pranav/catkin_ws/devel/.private/rotors_gazebo_plugins/lib/libgazebo_geotagged_images_plugin.so[0m
[ 82%] [32mBuilding CXX object CMakeFiles/rotors_gazebo_ros_interface_plugin.dir/src/gazebo_ros_interface_plugin.cpp.o[0m
[ 82%] Built target LiftDragPlugin
[ 84%] Built target rotors_gazebo_noisydepth_plugin
[ 85%] Built target rotors_gazebo_lidar_plugin
[ 86%] Built target rotors_gazebo_pressure_plugin
[ 88%] Built target rotors_gazebo_multirotor_base_plugin
[ 89%] Built target rotors_gazebo_controller_interface
[ 90%] Built target rotors_gazebo_gps_plugin
[ 91%] Built target gazebo_geotagged_images_plugin
[ 92%] Built target rotors_gazebo_imu_plugin
[ 93%] Built target rotors_gazebo_magnetometer_plugin
[ 94%] Built target rotors_gazebo_wind_plugin
[ 95%] Built target rotors_gazebo_motor_model
[ 96%] Built target rotors_gazebo_fw_dynamics_plugin
[ 97%] Built target rotors_gazebo_bag_plugin
[ 98%] Built target rotors_gazebo_odometry_plugin
[100%] [32m[1mLinking CXX shared library /home/pranav/catkin_ws/devel/.private/rotors_gazebo_plugins/lib/librotors_gazebo_ros_interface_plugin.so[0m
[100%] Built target rotors_gazebo_ros_interface_plugin
